# JRE version: OpenJDK Runtime Environment Temurin-21.0.7+6 (21.0.7+6) (build 21.0.7+6-LTS)
# Java VM: OpenJDK 64-Bit Server VM Temurin-21.0.7+6 (21.0.7+6-LTS, mixed mode, sharing, tiered, compressed oops, compressed class ptrs, parallel gc, windows-amd64)
GC Precious Log:
 CardTable entry size: 512
 CPUs: 4 total, 4 available
 Memory: 16289M
 Large Page Support: Disabled
 NUMA Support: Disabled
 Compressed Oops: Enabled (32-bit)
 Alignments: Space 512K, Generation 512K, Heap 2M
 Heap Min Capacity: 100M
 Heap Initial Capacity: 100M
 Heap Max Capacity: 1G
 Pre-touch: Disabled
 Parallel Workers: 4
Heap:
 PSYoungGen      total 7168K, used 7012K [0x00000000eab00000, 0x00000000eb480000, 0x0000000100000000)
  eden space 6656K, 100% used [0x00000000eab00000,0x00000000eb180000,0x00000000eb180000)
  from space 512K, 69% used [0x00000000eb180000,0x00000000eb1d9210,0x00000000eb200000)
  to   space 1024K, 0% used [0x00000000eb380000,0x00000000eb380000,0x00000000eb480000)
 ParOldGen       total 698880K, used 698691K [0x00000000c0000000, 0x00000000eaa80000, 0x00000000eab00000)
  object space 698880K, 99% used [0x00000000c0000000,0x00000000eaa50d88,0x00000000eaa80000)
 Metaspace       used 91403K, committed 93056K, reserved 1179648K
  class space    used 8996K, committed 9728K, reserved 1048576K
GC Heap History (20 events):
Event: 7284.822 GC heap after
{Heap after GC invocations=3174 (full 7):
 PSYoungGen      total 8192K, used 160K [0x00000000eab00000, 0x00000000eb500000, 0x0000000100000000)
  eden space 7680K, 0% used [0x00000000eab00000,0x00000000eab00000,0x00000000eb280000)
  from space 512K, 31% used [0x00000000eb480000,0x00000000eb4a8000,0x00000000eb500000)
  to   space 1024K, 0% used [0x00000000eb300000,0x00000000eb300000,0x00000000eb400000)
 ParOldGen       total 693248K, used 692984K [0x00000000c0000000, 0x00000000ea500000, 0x00000000eab00000)
  object space 693248K, 99% used [0x00000000c0000000,0x00000000ea4be178,0x00000000ea500000)
 Metaspace       used 91379K, committed 92992K, reserved 1179648K
  class space    used 8996K, committed 9728K, reserved 1048576K
}
Event: 7284.991 GC heap before
{Heap before GC invocations=3175 (full 7):
 PSYoungGen      total 8192K, used 7840K [0x00000000eab00000, 0x00000000eb500000, 0x0000000100000000)
  eden space 7680K, 100% used [0x00000000eab00000,0x00000000eb280000,0x00000000eb280000)
  from space 512K, 31% used [0x00000000eb480000,0x00000000eb4a8000,0x00000000eb500000)
  to   space 1024K, 0% used [0x00000000eb300000,0x00000000eb300000,0x00000000eb400000)
 ParOldGen       total 693248K, used 692984K [0x00000000c0000000, 0x00000000ea500000, 0x00000000eab00000)
  object space 693248K, 99% used [0x00000000c0000000,0x00000000ea4be178,0x00000000ea500000)
 Metaspace       used 91380K, committed 92992K, reserved 1179648K
  class space    used 8996K, committed 9728K, reserved 1048576K
}
Event: 7284.996 GC heap after
{Heap after GC invocations=3175 (full 7):
 PSYoungGen      total 8704K, used 762K [0x00000000eab00000, 0x00000000eb500000, 0x0000000100000000)
  eden space 7680K, 0% used [0x00000000eab00000,0x00000000eab00000,0x00000000eb280000)
  from space 1024K, 74% used [0x00000000eb300000,0x00000000eb3be900,0x00000000eb400000)
  to   space 1024K, 0% used [0x00000000eb400000,0x00000000eb400000,0x00000000eb500000)
 ParOldGen       total 693248K, used 693048K [0x00000000c0000000, 0x00000000ea500000, 0x00000000eab00000)
  object space 693248K, 99% used [0x00000000c0000000,0x00000000ea4ce178,0x00000000ea500000)
 Metaspace       used 91380K, committed 92992K, reserved 1179648K
  class space    used 8996K, committed 9728K, reserved 1048576K
}
Event: 7285.062 GC heap before
{Heap before GC invocations=3176 (full 7):
 PSYoungGen      total 8704K, used 8442K [0x00000000eab00000, 0x00000000eb500000, 0x0000000100000000)
  eden space 7680K, 100% used [0x00000000eab00000,0x00000000eb280000,0x00000000eb280000)
  from space 1024K, 74% used [0x00000000eb300000,0x00000000eb3be900,0x00000000eb400000)
  to   space 1024K, 0% used [0x00000000eb400000,0x00000000eb400000,0x00000000eb500000)
 ParOldGen       total 693248K, used 693048K [0x00000000c0000000, 0x00000000ea500000, 0x00000000eab00000)
  object space 693248K, 99% used [0x00000000c0000000,0x00000000ea4ce178,0x00000000ea500000)
 Metaspace       used 91380K, committed 92992K, reserved 1179648K
  class space    used 8996K, committed 9728K, reserved 1048576K
}
Event: 7285.069 GC heap after
{Heap after GC invocations=3176 (full 7):
 PSYoungGen      total 8704K, used 704K [0x00000000eab00000, 0x00000000eb500000, 0x0000000100000000)
  eden space 7680K, 0% used [0x00000000eab00000,0x00000000eab00000,0x00000000eb280000)
  from space 1024K, 68% used [0x00000000eb400000,0x00000000eb4b0000,0x00000000eb500000)
  to   space 1024K, 0% used [0x00000000eb300000,0x00000000eb300000,0x00000000eb400000)
 ParOldGen       total 693760K, used 693699K [0x00000000c0000000, 0x00000000ea580000, 0x00000000eab00000)
  object space 693760K, 99% used [0x00000000c0000000,0x00000000ea570d08,0x00000000ea580000)
 Metaspace       used 91380K, committed 92992K, reserved 1179648K
  class space    used 8996K, committed 9728K, reserved 1048576K
}
Event: 7285.119 GC heap before
{Heap before GC invocations=3177 (full 7):
 PSYoungGen      total 8704K, used 8384K [0x00000000eab00000, 0x00000000eb500000, 0x0000000100000000)
  eden space 7680K, 100% used [0x00000000eab00000,0x00000000eb280000,0x00000000eb280000)
  from space 1024K, 68% used [0x00000000eb400000,0x00000000eb4b0000,0x00000000eb500000)
  to   space 1024K, 0% used [0x00000000eb300000,0x00000000eb300000,0x00000000eb400000)
 ParOldGen       total 693760K, used 693699K [0x00000000c0000000, 0x00000000ea580000, 0x00000000eab00000)
  object space 693760K, 99% used [0x00000000c0000000,0x00000000ea570d08,0x00000000ea580000)
 Metaspace       used 91382K, committed 92992K, reserved 1179648K
  class space    used 8996K, committed 9728K, reserved 1048576K
}
Event: 7285.122 GC heap after
{Heap after GC invocations=3177 (full 7):
 PSYoungGen      total 8704K, used 996K [0x00000000eab00000, 0x00000000eb680000, 0x0000000100000000)
  eden space 7680K, 0% used [0x00000000eab00000,0x00000000eab00000,0x00000000eb280000)
  from space 1024K, 97% used [0x00000000eb300000,0x00000000eb3f9210,0x00000000eb400000)
  to   space 2048K, 0% used [0x00000000eb480000,0x00000000eb480000,0x00000000eb680000)
 ParOldGen       total 694784K, used 694351K [0x00000000c0000000, 0x00000000ea680000, 0x00000000eab00000)
  object space 694784K, 99% used [0x00000000c0000000,0x00000000ea613c18,0x00000000ea680000)
 Metaspace       used 91382K, committed 92992K, reserved 1179648K
  class space    used 8996K, committed 9728K, reserved 1048576K
}
Event: 7285.166 GC heap before
{Heap before GC invocations=3178 (full 7):
 PSYoungGen      total 8704K, used 8676K [0x00000000eab00000, 0x00000000eb680000, 0x0000000100000000)
  eden space 7680K, 100% used [0x00000000eab00000,0x00000000eb280000,0x00000000eb280000)
  from space 1024K, 97% used [0x00000000eb300000,0x00000000eb3f9210,0x00000000eb400000)
  to   space 2048K, 0% used [0x00000000eb480000,0x00000000eb480000,0x00000000eb680000)
 ParOldGen       total 694784K, used 694351K [0x00000000c0000000, 0x00000000ea680000, 0x00000000eab00000)
  object space 694784K, 99% used [0x00000000c0000000,0x00000000ea613c18,0x00000000ea680000)
 Metaspace       used 91382K, committed 92992K, reserved 1179648K
  class space    used 8996K, committed 9728K, reserved 1048576K
}
Event: 7285.169 GC heap after
{Heap after GC invocations=3178 (full 7):
 PSYoungGen      total 8192K, used 256K [0x00000000eab00000, 0x00000000eb500000, 0x0000000100000000)
  eden space 7680K, 0% used [0x00000000eab00000,0x00000000eab00000,0x00000000eb280000)
  from space 512K, 50% used [0x00000000eb480000,0x00000000eb4c0000,0x00000000eb500000)
  to   space 1024K, 0% used [0x00000000eb300000,0x00000000eb300000,0x00000000eb400000)
 ParOldGen       total 695808K, used 695314K [0x00000000c0000000, 0x00000000ea780000, 0x00000000eab00000)
  object space 695808K, 99% used [0x00000000c0000000,0x00000000ea704ae8,0x00000000ea780000)
 Metaspace       used 91382K, committed 92992K, reserved 1179648K
  class space    used 8996K, committed 9728K, reserved 1048576K
}
Event: 7322.763 GC heap before
{Heap before GC invocations=3179 (full 7):
 PSYoungGen      total 8192K, used 7936K [0x00000000eab00000, 0x00000000eb500000, 0x0000000100000000)
  eden space 7680K, 100% used [0x00000000eab00000,0x00000000eb280000,0x00000000eb280000)
  from space 512K, 50% used [0x00000000eb480000,0x00000000eb4c0000,0x00000000eb500000)
  to   space 1024K, 0% used [0x00000000eb300000,0x00000000eb300000,0x00000000eb400000)
 ParOldGen       total 695808K, used 695314K [0x00000000c0000000, 0x00000000ea780000, 0x00000000eab00000)
  object space 695808K, 99% used [0x00000000c0000000,0x00000000ea704ae8,0x00000000ea780000)
 Metaspace       used 91399K, committed 92992K, reserved 1179648K
  class space    used 8996K, committed 9728K, reserved 1048576K
}
Event: 7322.767 GC heap after
{Heap after GC invocations=3179 (full 7):
 PSYoungGen      total 8704K, used 64K [0x00000000eab00000, 0x00000000eb500000, 0x0000000100000000)
  eden space 7680K, 0% used [0x00000000eab00000,0x00000000eab00000,0x00000000eb280000)
  from space 1024K, 6% used [0x00000000eb300000,0x00000000eb310000,0x00000000eb400000)
  to   space 512K, 0% used [0x00000000eb480000,0x00000000eb480000,0x00000000eb500000)
 ParOldGen       total 695808K, used 695526K [0x00000000c0000000, 0x00000000ea780000, 0x00000000eab00000)
  object space 695808K, 99% used [0x00000000c0000000,0x00000000ea7399d8,0x00000000ea780000)
 Metaspace       used 91399K, committed 92992K, reserved 1179648K
  class space    used 8996K, committed 9728K, reserved 1048576K
}
Event: 7322.794 GC heap before
{Heap before GC invocations=3180 (full 7):
 PSYoungGen      total 8704K, used 7744K [0x00000000eab00000, 0x00000000eb500000, 0x0000000100000000)
  eden space 7680K, 100% used [0x00000000eab00000,0x00000000eb280000,0x00000000eb280000)
  from space 1024K, 6% used [0x00000000eb300000,0x00000000eb310000,0x00000000eb400000)
  to   space 512K, 0% used [0x00000000eb480000,0x00000000eb480000,0x00000000eb500000)
 ParOldGen       total 695808K, used 695526K [0x00000000c0000000, 0x00000000ea780000, 0x00000000eab00000)
  object space 695808K, 99% used [0x00000000c0000000,0x00000000ea7399d8,0x00000000ea780000)
 Metaspace       used 91399K, committed 92992K, reserved 1179648K
  class space    used 8996K, committed 9728K, reserved 1048576K
}
Event: 7322.796 GC heap after
{Heap after GC invocations=3180 (full 7):
 PSYoungGen      total 8192K, used 500K [0x00000000eab00000, 0x00000000eb580000, 0x0000000100000000)
  eden space 7680K, 0% used [0x00000000eab00000,0x00000000eab00000,0x00000000eb280000)
  from space 512K, 97% used [0x00000000eb480000,0x00000000eb4fd200,0x00000000eb500000)
  to   space 1536K, 0% used [0x00000000eb280000,0x00000000eb280000,0x00000000eb400000)
 ParOldGen       total 696320K, used 696202K [0x00000000c0000000, 0x00000000ea800000, 0x00000000eab00000)
  object space 696320K, 99% used [0x00000000c0000000,0x00000000ea7e2bf8,0x00000000ea800000)
 Metaspace       used 91399K, committed 92992K, reserved 1179648K
  class space    used 8996K, committed 9728K, reserved 1048576K
}
Event: 7323.258 GC heap before
{Heap before GC invocations=3181 (full 7):
 PSYoungGen      total 8192K, used 8180K [0x00000000eab00000, 0x00000000eb580000, 0x0000000100000000)
  eden space 7680K, 100% used [0x00000000eab00000,0x00000000eb280000,0x00000000eb280000)
  from space 512K, 97% used [0x00000000eb480000,0x00000000eb4fd200,0x00000000eb500000)
  to   space 1536K, 0% used [0x00000000eb280000,0x00000000eb280000,0x00000000eb400000)
 ParOldGen       total 696320K, used 696202K [0x00000000c0000000, 0x00000000ea800000, 0x00000000eab00000)
  object space 696320K, 99% used [0x00000000c0000000,0x00000000ea7e2bf8,0x00000000ea800000)
 Metaspace       used 91399K, committed 92992K, reserved 1179648K
  class space    used 8996K, committed 9728K, reserved 1048576K
}
Event: 7323.265 GC heap after
{Heap after GC invocations=3181 (full 7):
 PSYoungGen      total 9216K, used 804K [0x00000000eab00000, 0x00000000eb500000, 0x0000000100000000)
  eden space 7680K, 0% used [0x00000000eab00000,0x00000000eab00000,0x00000000eb280000)
  from space 1536K, 52% used [0x00000000eb280000,0x00000000eb349210,0x00000000eb400000)
  to   space 1024K, 0% used [0x00000000eb400000,0x00000000eb400000,0x00000000eb500000)
 ParOldGen       total 696832K, used 696703K [0x00000000c0000000, 0x00000000ea880000, 0x00000000eab00000)
  object space 696832K, 99% used [0x00000000c0000000,0x00000000ea85fdf8,0x00000000ea880000)
 Metaspace       used 91399K, committed 92992K, reserved 1179648K
  class space    used 8996K, committed 9728K, reserved 1048576K
}
Event: 7323.862 GC heap before
{Heap before GC invocations=3182 (full 7):
 PSYoungGen      total 9216K, used 8484K [0x00000000eab00000, 0x00000000eb500000, 0x0000000100000000)
  eden space 7680K, 100% used [0x00000000eab00000,0x00000000eb280000,0x00000000eb280000)
  from space 1536K, 52% used [0x00000000eb280000,0x00000000eb349210,0x00000000eb400000)
  to   space 1024K, 0% used [0x00000000eb400000,0x00000000eb400000,0x00000000eb500000)
 ParOldGen       total 696832K, used 696703K [0x00000000c0000000, 0x00000000ea880000, 0x00000000eab00000)
  object space 696832K, 99% used [0x00000000c0000000,0x00000000ea85fdf8,0x00000000ea880000)
 Metaspace       used 91401K, committed 93056K, reserved 1179648K
  class space    used 8996K, committed 9728K, reserved 1048576K
}
Event: 7323.868 GC heap after
{Heap after GC invocations=3182 (full 7):
 PSYoungGen      total 7680K, used 1022K [0x00000000eab00000, 0x00000000eb780000, 0x0000000100000000)
  eden space 6656K, 0% used [0x00000000eab00000,0x00000000eab00000,0x00000000eb180000)
  from space 1024K, 99% used [0x00000000eb400000,0x00000000eb4ffb10,0x00000000eb500000)
  to   space 2560K, 0% used [0x00000000eb180000,0x00000000eb180000,0x00000000eb400000)
 ParOldGen       total 697856K, used 697668K [0x00000000c0000000, 0x00000000ea980000, 0x00000000eab00000)
  object space 697856K, 99% used [0x00000000c0000000,0x00000000ea951008,0x00000000ea980000)
 Metaspace       used 91401K, committed 93056K, reserved 1179648K
  class space    used 8996K, committed 9728K, reserved 1048576K
}
Event: 7324.251 GC heap before
{Heap before GC invocations=3183 (full 7):
 PSYoungGen      total 7680K, used 7678K [0x00000000eab00000, 0x00000000eb780000, 0x0000000100000000)
  eden space 6656K, 99% used [0x00000000eab00000,0x00000000eb17ffb8,0x00000000eb180000)
  from space 1024K, 99% used [0x00000000eb400000,0x00000000eb4ffb10,0x00000000eb500000)
  to   space 2560K, 0% used [0x00000000eb180000,0x00000000eb180000,0x00000000eb400000)
 ParOldGen       total 697856K, used 697668K [0x00000000c0000000, 0x00000000ea980000, 0x00000000eab00000)
  object space 697856K, 99% used [0x00000000c0000000,0x00000000ea951008,0x00000000ea980000)
 Metaspace       used 91401K, committed 93056K, reserved 1179648K
  class space    used 8996K, committed 9728K, reserved 1048576K
}
Event: 7324.254 GC heap after
{Heap after GC invocations=3183 (full 7):
 PSYoungGen      total 7168K, used 356K [0x00000000eab00000, 0x00000000eb480000, 0x0000000100000000)
  eden space 6656K, 0% used [0x00000000eab00000,0x00000000eab00000,0x00000000eb180000)
  from space 512K, 69% used [0x00000000eb180000,0x00000000eb1d9210,0x00000000eb200000)
  to   space 1024K, 0% used [0x00000000eb380000,0x00000000eb380000,0x00000000eb480000)
 ParOldGen       total 698880K, used 698691K [0x00000000c0000000, 0x00000000eaa80000, 0x00000000eab00000)
  object space 698880K, 99% used [0x00000000c0000000,0x00000000eaa50d88,0x00000000eaa80000)
 Metaspace       used 91401K, committed 93056K, reserved 1179648K
  class space    used 8996K, committed 9728K, reserved 1048576K
}
Event: 7326.109 GC heap before
{Heap before GC invocations=3184 (full 8):
 PSYoungGen      total 7168K, used 7012K [0x00000000eab00000, 0x00000000eb480000, 0x0000000100000000)
  eden space 6656K, 100% used [0x00000000eab00000,0x00000000eb180000,0x00000000eb180000)
  from space 512K, 69% used [0x00000000eb180000,0x00000000eb1d9210,0x00000000eb200000)
  to   space 1024K, 0% used [0x00000000eb380000,0x00000000eb380000,0x00000000eb480000)
 ParOldGen       total 698880K, used 698691K [0x00000000c0000000, 0x00000000eaa80000, 0x00000000eab00000)
  object space 698880K, 99% used [0x00000000c0000000,0x00000000eaa50d88,0x00000000eaa80000)
 Metaspace       used 91403K, committed 93056K, reserved 1179648K
  class space    used 8996K, committed 9728K, reserved 1048576K
}

